INFO:root:###########################################################
INFO:root:Start of Gimp Tile processing at 2015-04-14 02:58:13.001078
INFO:root:###########################################################
INFO:root:zoom level: 12
INFO:root:tile ul: [2178, 1421]
INFO:root:tile lr: [2179, 1422]
INFO:root:tiles in x: 2
INFO:root:tiles in y: 2
INFO:root:tiles total: 4
INFO:root:  row 1/2 (2178)
INFO:root:    tile 2178/1421
INFO:root:      vectors: 180
INFO:root:      vectors: 224
INFO:root:      vectors: 512
INFO:root:    tile 2178/1422
INFO:root:      vectors: 24
INFO:root:      vectors: 76
INFO:root:      vectors: 146
INFO:root:  row 2/2 (2179)
INFO:root:    tile 2179/1421
INFO:root:      vectors: 126
INFO:root:      vectors: 133
INFO:root:      vectors: 558
INFO:root:    tile 2179/1422
INFO:root:      vectors: 102
INFO:root:      vectors: 130
INFO:root:      vectors: 301
INFO:root:###########################################################
INFO:root:End of Gimp Tile processing at 2015-04-14 02:58:36.906847
INFO:root:processing duration: 23.905769 seconds
INFO:root:###########################################################
